f:\kinderriven\mikugame\mikugame\release\mikugame.obj
f:\kinderriven\mikugame\mikugame\release\main.obj
f:\kinderriven\mikugame\mikugame\release\happybirthday.obj
f:\kinderriven\mikugame\mikugame\release\dropthing.obj
f:\kinderriven\mikugame\mikugame\release\moc_mikugame.obj
f:\kinderriven\mikugame\mikugame\release\moc_happybirthday.obj
f:\kinderriven\mikugame\mikugame\release\moc_dropthing.obj
f:\kinderriven\mikugame\mikugame\release\qrc_mikugame.obj
f:\kinderriven\mikugame\mikugame\generatedfiles\ui_mikugame.h
f:\kinderriven\mikugame\mikugame\generatedfiles\release\moc_happybirthday.cpp
f:\kinderriven\mikugame\mikugame\generatedfiles\release\moc_dropthing.cpp
f:\kinderriven\mikugame\mikugame\generatedfiles\qrc_mikugame.cpp
f:\kinderriven\mikugame\mikugame\generatedfiles\ui_dropthing.h
f:\kinderriven\mikugame\mikugame\generatedfiles\ui_happybirthday.h
f:\kinderriven\mikugame\mikugame\generatedfiles\release\moc_mikugame.cpp
f:\kinderriven\mikugame\mikugame\release\mikugame.tlog\cl.command.1.tlog
f:\kinderriven\mikugame\mikugame\release\mikugame.tlog\cl.read.1.tlog
f:\kinderriven\mikugame\mikugame\release\mikugame.tlog\cl.write.1.tlog
f:\kinderriven\mikugame\mikugame\release\mikugame.tlog\custombuild.command.1.tlog
f:\kinderriven\mikugame\mikugame\release\mikugame.tlog\custombuild.read.1.tlog
f:\kinderriven\mikugame\mikugame\release\mikugame.tlog\custombuild.write.1.tlog
f:\kinderriven\mikugame\mikugame\release\mikugame.tlog\link.command.1.tlog
f:\kinderriven\mikugame\mikugame\release\mikugame.tlog\link.read.1.tlog
f:\kinderriven\mikugame\mikugame\release\mikugame.tlog\link.write.1.tlog
